[debug] [2024-07-27T13:42:58.444Z] ----------------------------------------------------------------------
[debug] [2024-07-27T13:42:58.447Z] Command:       C:\Program Files\nodejs\node.exe C:\Users\viden\AppData\Roaming\npm\node_modules\firebase-tools\lib\bin\firebase.js init
[debug] [2024-07-27T13:42:58.447Z] CLI Version:   13.14.2
[debug] [2024-07-27T13:42:58.447Z] Platform:      win32
[debug] [2024-07-27T13:42:58.447Z] Node Version:  v20.13.1
[debug] [2024-07-27T13:42:58.448Z] Time:          Sat Jul 27 2024 09:42:58 GMT-0400 (Eastern Daylight Saving Time)
[debug] [2024-07-27T13:42:58.448Z] ----------------------------------------------------------------------
[debug] 
[debug] [2024-07-27T13:42:58.521Z] > command requires scopes: ["email","openid","https://www.googleapis.com/auth/cloudplatformprojects.readonly","https://www.googleapis.com/auth/firebase","https://www.googleapis.com/auth/cloud-platform"]
[debug] [2024-07-27T13:42:58.522Z] > authorizing via signed-in user (videna.psalmeleazar@gmail.com)
[info] 
     ######## #### ########  ######## ########     ###     ######  ########
     ##        ##  ##     ## ##       ##     ##  ##   ##  ##       ##
     ######    ##  ########  ######   ########  #########  ######  ######
     ##        ##  ##    ##  ##       ##     ## ##     ##       ## ##
     ##       #### ##     ## ######## ########  ##     ##  ######  ########

You're about to initialize a Firebase project in this directory:

  E:\Fresh_Start\backend

Before we get started, keep in mind:

  * You are initializing within an existing Firebase project directory

